# JRE version: OpenJDK Runtime Environment Corretto-17.0.8.8.1 (17.0.8.1+8) (build 17.0.8.1+8-LTS)
# Java VM: OpenJDK 64-Bit Server VM Corretto-17.0.8.8.1 (17.0.8.1+8-LTS, mixed mode, sharing, tiered, compressed oops, compressed class ptrs, g1 gc, windows-amd64)
GC Precious Log:
 CPUs: 4 total, 4 available
 Memory: 16264M
 Large Page Support: Disabled
 NUMA Support: Disabled
 Compressed Oops: Enabled (Zero based)
 Heap Region Size: 2M
 Heap Min Capacity: 8M
 Heap Initial Capacity: 256M
 Heap Max Capacity: 4068M
 Pre-touch: Disabled
 Parallel Workers: 4
 Concurrent Workers: 1
 Concurrent Refinement Workers: 4
 Periodic GC: Disabled
Heap:
 garbage-first heap   total 129024K, used 88511K [0x0000000701c00000, 0x0000000800000000)
  region size 2048K, 19 young (38912K), 1 survivors (2048K)
 Metaspace       used 97397K, committed 98176K, reserved 1179648K
  class space    used 12706K, committed 13056K, reserved 1048576K
GC Heap History (20 events):
Event: 4463.441 GC heap before
{Heap before GC invocations=66 (full 0):
 garbage-first heap   total 129024K, used 109057K [0x0000000701c00000, 0x0000000800000000)
  region size 2048K, 28 young (57344K), 1 survivors (2048K)
 Metaspace       used 97394K, committed 98176K, reserved 1179648K
  class space    used 12706K, committed 13056K, reserved 1048576K
}
Event: 4463.443 GC heap after
{Heap after GC invocations=67 (full 0):
 garbage-first heap   total 129024K, used 53666K [0x0000000701c00000, 0x0000000800000000)
  region size 2048K, 1 young (2048K), 1 survivors (2048K)
 Metaspace       used 97394K, committed 98176K, reserved 1179648K
  class space    used 12706K, committed 13056K, reserved 1048576K
}
Event: 4467.241 GC heap before
{Heap before GC invocations=67 (full 0):
 garbage-first heap   total 129024K, used 108962K [0x0000000701c00000, 0x0000000800000000)
  region size 2048K, 28 young (57344K), 1 survivors (2048K)
 Metaspace       used 97394K, committed 98176K, reserved 1179648K
  class space    used 12706K, committed 13056K, reserved 1048576K
}
Event: 4467.243 GC heap after
{Heap after GC invocations=68 (full 0):
 garbage-first heap   total 129024K, used 53753K [0x0000000701c00000, 0x0000000800000000)
  region size 2048K, 1 young (2048K), 1 survivors (2048K)
 Metaspace       used 97394K, committed 98176K, reserved 1179648K
  class space    used 12706K, committed 13056K, reserved 1048576K
}
Event: 4469.419 GC heap before
{Heap before GC invocations=68 (full 0):
 garbage-first heap   total 129024K, used 109049K [0x0000000701c00000, 0x0000000800000000)
  region size 2048K, 28 young (57344K), 1 survivors (2048K)
 Metaspace       used 97395K, committed 98176K, reserved 1179648K
  class space    used 12706K, committed 13056K, reserved 1048576K
}
Event: 4469.421 GC heap after
{Heap after GC invocations=69 (full 0):
 garbage-first heap   total 129024K, used 53723K [0x0000000701c00000, 0x0000000800000000)
  region size 2048K, 1 young (2048K), 1 survivors (2048K)
 Metaspace       used 97395K, committed 98176K, reserved 1179648K
  class space    used 12706K, committed 13056K, reserved 1048576K
}
Event: 4472.058 GC heap before
{Heap before GC invocations=69 (full 0):
 garbage-first heap   total 129024K, used 109019K [0x0000000701c00000, 0x0000000800000000)
  region size 2048K, 28 young (57344K), 1 survivors (2048K)
 Metaspace       used 97397K, committed 98176K, reserved 1179648K
  class space    used 12706K, committed 13056K, reserved 1048576K
}
Event: 4472.059 GC heap after
{Heap after GC invocations=70 (full 0):
 garbage-first heap   total 129024K, used 53702K [0x0000000701c00000, 0x0000000800000000)
  region size 2048K, 1 young (2048K), 1 survivors (2048K)
 Metaspace       used 97397K, committed 98176K, reserved 1179648K
  class space    used 12706K, committed 13056K, reserved 1048576K
}
Event: 4473.459 GC heap before
{Heap before GC invocations=70 (full 0):
 garbage-first heap   total 129024K, used 108998K [0x0000000701c00000, 0x0000000800000000)
  region size 2048K, 28 young (57344K), 1 survivors (2048K)
 Metaspace       used 97397K, committed 98176K, reserved 1179648K
  class space    used 12706K, committed 13056K, reserved 1048576K
}
Event: 4473.460 GC heap after
{Heap after GC invocations=71 (full 0):
 garbage-first heap   total 129024K, used 53721K [0x0000000701c00000, 0x0000000800000000)
  region size 2048K, 1 young (2048K), 1 survivors (2048K)
 Metaspace       used 97397K, committed 98176K, reserved 1179648K
  class space    used 12706K, committed 13056K, reserved 1048576K
}
Event: 4475.439 GC heap before
{Heap before GC invocations=71 (full 0):
 garbage-first heap   total 129024K, used 109017K [0x0000000701c00000, 0x0000000800000000)
  region size 2048K, 28 young (57344K), 1 survivors (2048K)
 Metaspace       used 97397K, committed 98176K, reserved 1179648K
  class space    used 12706K, committed 13056K, reserved 1048576K
}
Event: 4475.440 GC heap after
{Heap after GC invocations=72 (full 0):
 garbage-first heap   total 129024K, used 53688K [0x0000000701c00000, 0x0000000800000000)
  region size 2048K, 1 young (2048K), 1 survivors (2048K)
 Metaspace       used 97397K, committed 98176K, reserved 1179648K
  class space    used 12706K, committed 13056K, reserved 1048576K
}
Event: 4475.917 GC heap before
{Heap before GC invocations=72 (full 0):
 garbage-first heap   total 129024K, used 108984K [0x0000000701c00000, 0x0000000800000000)
  region size 2048K, 28 young (57344K), 1 survivors (2048K)
 Metaspace       used 97397K, committed 98176K, reserved 1179648K
  class space    used 12706K, committed 13056K, reserved 1048576K
}
Event: 4475.919 GC heap after
{Heap after GC invocations=73 (full 0):
 garbage-first heap   total 129024K, used 53699K [0x0000000701c00000, 0x0000000800000000)
  region size 2048K, 1 young (2048K), 1 survivors (2048K)
 Metaspace       used 97397K, committed 98176K, reserved 1179648K
  class space    used 12706K, committed 13056K, reserved 1048576K
}
Event: 4476.383 GC heap before
{Heap before GC invocations=73 (full 0):
 garbage-first heap   total 129024K, used 108995K [0x0000000701c00000, 0x0000000800000000)
  region size 2048K, 28 young (57344K), 1 survivors (2048K)
 Metaspace       used 97397K, committed 98176K, reserved 1179648K
  class space    used 12706K, committed 13056K, reserved 1048576K
}
Event: 4476.384 GC heap after
{Heap after GC invocations=74 (full 0):
 garbage-first heap   total 129024K, used 53731K [0x0000000701c00000, 0x0000000800000000)
  region size 2048K, 1 young (2048K), 1 survivors (2048K)
 Metaspace       used 97397K, committed 98176K, reserved 1179648K
  class space    used 12706K, committed 13056K, reserved 1048576K
}
Event: 4478.910 GC heap before
{Heap before GC invocations=74 (full 0):
 garbage-first heap   total 129024K, used 109027K [0x0000000701c00000, 0x0000000800000000)
  region size 2048K, 28 young (57344K), 1 survivors (2048K)
 Metaspace       used 97397K, committed 98176K, reserved 1179648K
  class space    used 12706K, committed 13056K, reserved 1048576K
}
Event: 4478.911 GC heap after
{Heap after GC invocations=75 (full 0):
 garbage-first heap   total 129024K, used 53682K [0x0000000701c00000, 0x0000000800000000)
  region size 2048K, 1 young (2048K), 1 survivors (2048K)
 Metaspace       used 97397K, committed 98176K, reserved 1179648K
  class space    used 12706K, committed 13056K, reserved 1048576K
}
Event: 4480.514 GC heap before
{Heap before GC invocations=75 (full 0):
 garbage-first heap   total 129024K, used 108978K [0x0000000701c00000, 0x0000000800000000)
  region size 2048K, 28 young (57344K), 1 survivors (2048K)
 Metaspace       used 97397K, committed 98176K, reserved 1179648K
  class space    used 12706K, committed 13056K, reserved 1048576K
}
Event: 4480.515 GC heap after
{Heap after GC invocations=76 (full 0):
 garbage-first heap   total 129024K, used 53695K [0x0000000701c00000, 0x0000000800000000)
  region size 2048K, 1 young (2048K), 1 survivors (2048K)
 Metaspace       used 97397K, committed 98176K, reserved 1179648K
  class space    used 12706K, committed 13056K, reserved 1048576K
}

